29/06/2020 04:02:51.932 - [INFO] - Admin logged in successfully at 132

29/06/2020 04:02:55.615 - [INFO] - Admin requested player info at 132

29/06/2020 04:02:55.615 - [INFO] - Info received: NA: 1 online, 2 offline. AS: 2 online, 1 offline. EU: 1 online, 3 offline. 

29/06/2020 04:03:12.010 - [INFO] - Admin logged in successfully at 93

29/06/2020 04:03:14.378 - [INFO] - Admin requested player info at 93

29/06/2020 04:03:14.378 - [INFO] - Info received: EU: 1 online, 3 offline. AS: 2 online, 1 offline. NA: 1 online, 2 offline. 

29/06/2020 04:03:27.834 - [INFO] - Admin requested to suspend Player with Username: tester3 from server 93

29/06/2020 04:03:27.834 - [INFO] - Info received: tester3 not found

29/06/2020 04:03:37.179 - [INFO] - Admin logged in successfully at 132

29/06/2020 04:03:43.246 - [INFO] - Admin requested to suspend Player with Username: tester3 from server 132

29/06/2020 04:03:43.246 - [INFO] - Info received: tester3 has been suspended. 

29/06/2020 04:03:53.534 - [INFO] - Admin requested to suspend Player with Username: aewfdasf from server 132

29/06/2020 04:03:53.534 - [INFO] - Info received: aewfdasf not found

29/06/2020 04:04:01.121 - [INFO] - Admin requested player info at 132

29/06/2020 04:04:01.121 - [INFO] - Info received: NA: 1 online, 1 offline. AS: 2 online, 1 offline. EU: 1 online, 3 offline. 

29/06/2020 04:04:10.095 - [INFO] - Admin logged in successfully at 93

29/06/2020 04:05:17.724 - [INFO] - Admin requested to suspend Player with Username: tester2 from server 93

29/06/2020 04:05:17.724 - [INFO] - Info received: tester2 not found

29/06/2020 04:05:26.913 - [INFO] - Admin logged in successfully at 182

29/06/2020 04:05:36.203 - [INFO] - Admin requested to suspend Player with Username: tester2 from server 182

29/06/2020 04:05:36.203 - [INFO] - Info received: tester2 not found

